<?xml version="1.0" encoding="UTF-8"?>
<testng-results ignored="0" total="2" passed="2" failed="0" skipped="0">
  <reporter-output>
  </reporter-output>
  <suite started-at="2022-10-25T17:31:20 IST" name="Default suite" finished-at="2022-10-25T17:32:22 IST" duration-ms="62150">
    <groups>
    </groups>
    <test started-at="2022-10-25T17:31:20 IST" name="Default test" finished-at="2022-10-25T17:32:22 IST" duration-ms="62150">
      <class name="flexiBus.FlexiNBusBookin_Test">
        <test-method signature="bookTicketsForOneWayTrip()[pri:0, instance:flexiBus.FlexiNBusBookin_Test@48e4374]" started-at="2022-10-25T17:31:20 IST" name="bookTicketsForOneWayTrip" finished-at="2022-10-25T17:31:45 IST" duration-ms="25558" status="PASS">
          <reporter-output>
          </reporter-output>
        </test-method> <!-- bookTicketsForOneWayTrip -->
        <test-method signature="bookTicketsForTwoWayTrip()[pri:0, instance:flexiBus.FlexiNBusBookin_Test@48e4374]" started-at="2022-10-25T17:31:45 IST" name="bookTicketsForTwoWayTrip" finished-at="2022-10-25T17:32:22 IST" duration-ms="36546" status="PASS">
          <reporter-output>
          </reporter-output>
        </test-method> <!-- bookTicketsForTwoWayTrip -->
      </class> <!-- flexiBus.FlexiNBusBookin_Test -->
    </test> <!-- Default test -->
  </suite> <!-- Default suite -->
</testng-results>
