<?xml version="1.0" encoding="UTF-8"?>
<!-- Generated by org.testng.reporters.JUnitXMLReporter -->
<testsuite ignored="1" hostname="DESKTOP-EUI8GBJ" failures="0" tests="1" name="Default test" time="7.661" errors="0" timestamp="2022-10-25T23:57:33 IST">
  <testcase classname="flexiBus.FlexiNBusBookin_Test" name="bookTicketsForOneWayTrip" time="7.631"/>
  <testcase classname="flexiBus.FlexiNBusBookin_Test" name="bookTicketsForTwoWayTrip" time="0.0">
    <ignored/>
  </testcase> <!-- bookTicketsForTwoWayTrip -->
</testsuite> <!-- Default test -->
